<?xml version="1.0" encoding="UTF-8"?>
<!-- Generated by org.testng.reporters.JUnitReportReporter -->
<testsuite skipped="0" hostname="DESKTOP-KERRSTN" name="com.automationTasks.demoProject1.TestClass1" tests="3" failures="0" timestamp="2020-02-27T21:18:38 PST" time="27.012" errors="0">
  <testcase name="test3" time="9.309" classname="com.automationTasks.demoProject1.TestClass1"/>
  <testcase name="test1" time="8.291" classname="com.automationTasks.demoProject1.TestClass1"/>
  <testcase name="test2" time="9.412" classname="com.automationTasks.demoProject1.TestClass1"/>
</testsuite> <!-- com.automationTasks.demoProject1.TestClass1 -->
